0 info it worked if it ends with ok
1 verbose cli [ 'node',
1 verbose cli   '/usr/local/bin/npm',
1 verbose cli   'install',
1 verbose cli   'angular-ui-bootstrap' ]
2 info using npm@1.4.14
3 info using node@v0.10.29
4 warn package.json passport-local@0.1.6 No README data
5 verbose readDependencies using package.json deps
6 verbose cache add [ 'angular-ui-bootstrap', null ]
7 verbose cache add name=undefined spec="angular-ui-bootstrap" args=["angular-ui-bootstrap",null]
8 verbose parsed url { protocol: null,
8 verbose parsed url   slashes: null,
8 verbose parsed url   auth: null,
8 verbose parsed url   host: null,
8 verbose parsed url   port: null,
8 verbose parsed url   hostname: null,
8 verbose parsed url   hash: null,
8 verbose parsed url   search: null,
8 verbose parsed url   query: null,
8 verbose parsed url   pathname: 'angular-ui-bootstrap',
8 verbose parsed url   path: 'angular-ui-bootstrap',
8 verbose parsed url   href: 'angular-ui-bootstrap' }
9 silly lockFile f6770473-angular-ui-bootstrap angular-ui-bootstrap
10 verbose lock angular-ui-bootstrap /Users/schan/.npm/f6770473-angular-ui-bootstrap.lock
11 silly lockFile f6770473-angular-ui-bootstrap angular-ui-bootstrap
12 silly lockFile f6770473-angular-ui-bootstrap angular-ui-bootstrap
13 verbose addNamed [ 'angular-ui-bootstrap', '' ]
14 verbose addNamed [ null, '*' ]
15 silly lockFile f47e147d-angular-ui-bootstrap angular-ui-bootstrap@
16 verbose lock angular-ui-bootstrap@ /Users/schan/.npm/f47e147d-angular-ui-bootstrap.lock
17 silly addNameRange { name: 'angular-ui-bootstrap', range: '*', hasData: false }
18 verbose url raw angular-ui-bootstrap
19 verbose url resolving [ 'https://registry.npmjs.org/', './angular-ui-bootstrap' ]
20 verbose url resolved https://registry.npmjs.org/angular-ui-bootstrap
21 info trying registry request attempt 1 at 21:20:02
22 verbose etag "E6DBKKK6QIFA91ANJVCM1LT26"
23 http GET https://registry.npmjs.org/angular-ui-bootstrap
24 http 404 https://registry.npmjs.org/angular-ui-bootstrap
25 silly registry.get cb [ 404,
25 silly registry.get   { date: 'Sun, 07 Sep 2014 04:20:02 GMT',
25 silly registry.get     server: 'CouchDB/1.5.0 (Erlang OTP/R16B03)',
25 silly registry.get     etag: '"E6DBKKK6QIFA91ANJVCM1LT26"',
25 silly registry.get     'content-type': 'application/json',
25 silly registry.get     'cache-control': 'max-age=0',
25 silly registry.get     'content-length': '768',
25 silly registry.get     'accept-ranges': 'bytes',
25 silly registry.get     via: '1.1 varnish',
25 silly registry.get     age: '0',
25 silly registry.get     'x-served-by': 'cache-sjc3134-SJC',
25 silly registry.get     'x-cache': 'MISS',
25 silly registry.get     'x-cache-hits': '0',
25 silly registry.get     'x-timer': 'S1410063602.585209,VS0,VE351',
25 silly registry.get     vary: 'Accept',
25 silly registry.get     'keep-alive': 'timeout=10, max=50',
25 silly registry.get     connection: 'Keep-Alive' } ]
26 silly lockFile f47e147d-angular-ui-bootstrap angular-ui-bootstrap@
27 silly lockFile f47e147d-angular-ui-bootstrap angular-ui-bootstrap@
28 error 404 Not Found
28 error 404
28 error 404 'angular-ui-bootstrap' is not in the npm registry.
28 error 404 You should bug the author to publish it
28 error 404 It was specified as a dependency of 'go'
28 error 404
28 error 404 Note that you can also install from a
28 error 404 tarball, folder, or http url, or git url.
29 error System Darwin 13.2.0
30 error command "node" "/usr/local/bin/npm" "install" "angular-ui-bootstrap"
31 error cwd /Users/schan/test/go-v2
32 error node -v v0.10.29
33 error npm -v 1.4.14
34 error code E404
35 verbose exit [ 1, true ]
